Front/lpstudent/build/app/intermediates/manifest_merge_blame_file/release/manifest-merger-blame-release-report.txt
1<?xml version="1.0" encoding="utf-8"?>
2<manifest xmlns:android="http://schemas.android.com/apk/res/android"
3    package="com.lpstudent"
4    android:versionCode="10"
5    android:versionName="1.0.0" >
6
7    <uses-sdk
8        android:minSdkVersion="16"
8-->src\main\AndroidManifest.xml
9        android:targetSdkVersion="28" />
9-->src\main\AndroidManifest.xml
10
11    <uses-permission android:name="android.permission.ACCESS_NETWORK_STATE" />
11-->[:firebase_analytics] AndroidManifest.xml:7:5-79
11-->[:firebase_analytics] AndroidManifest.xml:7:22-76
12    <uses-permission android:name="android.permission.INTERNET" />
12-->[:firebase_analytics] AndroidManifest.xml:8:5-67
12-->[:firebase_analytics] AndroidManifest.xml:8:22-64
13    <uses-permission android:name="android.permission.WAKE_LOCK" />
13-->[:firebase_analytics] AndroidManifest.xml:9:5-68
13-->[:firebase_analytics] AndroidManifest.xml:9:22-65
14    <uses-permission android:name="com.google.android.finsky.permission.BIND_GET_INSTALL_REFERRER_SERVICE" /> <!-- Required by older versions of Google Play services to create IID tokens -->
14-->[com.google.android.gms:play-services-measurement:17.2.2] AndroidManifest.xml:26:5-110
14-->[com.google.android.gms:play-services-measurement:17.2.2] AndroidManifest.xml:26:22-107
15    <uses-permission android:name="com.google.android.c2dm.permission.RECEIVE" />
15-->[com.google.firebase:firebase-iid:20.0.2] AndroidManifest.xml:26:5-82
15-->[com.google.firebase:firebase-iid:20.0.2] AndroidManifest.xml:26:22-79
16    <!--
17 io.flutter.app.FlutterApplication is an android.app.Application that
18         calls FlutterMain.startInitialization(this); in its onCreate method.
19         In most cases you can leave this as-is, but you if you want to provide
20         additional functionality it is fine to subclass or reimplement
21         FlutterApplication and put your custom class here.
22    -->
23    <application
23-->src\main\AndroidManifest.xml:8:5-29:19
24        android:name="io.flutter.app.FlutterApplication"
24-->src\main\AndroidManifest.xml:9:9-57
25        android:appComponentFactory="androidx.core.app.CoreComponentFactory"
25-->[androidx.core:core:1.0.0] AndroidManifest.xml:22:18-86
26        android:icon="@mipmap/ic_launcher"
26-->src\main\AndroidManifest.xml:11:9-43
27        android:label="lpstudent" >
27-->src\main\AndroidManifest.xml:10:9-34
28        <activity
28-->src\main\AndroidManifest.xml:12:9-23:20
29            android:name="com.lpstudent.MainActivity"
29-->src\main\AndroidManifest.xml:13:13-41
30            android:configChanges="orientation|keyboardHidden|keyboard|screenSize|smallestScreenSize|locale|layoutDirection|fontScale|screenLayout|density|uiMode"
30-->src\main\AndroidManifest.xml:16:13-163
31            android:hardwareAccelerated="true"
31-->src\main\AndroidManifest.xml:17:13-47
32            android:launchMode="singleTop"
32-->src\main\AndroidManifest.xml:14:13-43
33            android:theme="@style/LaunchTheme"
33-->src\main\AndroidManifest.xml:15:13-47
34            android:windowSoftInputMode="adjustResize" >
34-->src\main\AndroidManifest.xml:18:13-55
35            <intent-filter>
35-->src\main\AndroidManifest.xml:19:13-22:29
36                <action android:name="android.intent.action.MAIN" />
36-->src\main\AndroidManifest.xml:20:17-68
36-->src\main\AndroidManifest.xml:20:25-66
37
38                <category android:name="android.intent.category.LAUNCHER" />
38-->src\main\AndroidManifest.xml:21:17-76
38-->src\main\AndroidManifest.xml:21:27-74
39            </intent-filter>
40        </activity>
41        <!--
42             Don't delete the meta-data below.
43             This is used by the Flutter tool to generate GeneratedPluginRegistrant.java
44        -->
45        <meta-data
45-->src\main\AndroidManifest.xml:26:9-28:33
46            android:name="flutterEmbedding"
46-->src\main\AndroidManifest.xml:27:13-44
47            android:value="2" />
47-->src\main\AndroidManifest.xml:28:13-30
48
49        <service
49-->[:firebase_auth] AndroidManifest.xml:8:9-12:19
50            android:name="com.google.firebase.components.ComponentDiscoveryService"
50-->[:firebase_auth] AndroidManifest.xml:8:18-89
51            android:directBootAware="true"
51-->[com.google.firebase:firebase-common:19.3.0] AndroidManifest.xml:34:13-43
52            android:exported="false" >
52-->[com.google.android.gms:play-services-measurement-api:17.2.2] AndroidManifest.xml:29:13-37
53            <meta-data
53-->[:firebase_auth] AndroidManifest.xml:9:13-11:85
54                android:name="com.google.firebase.components:io.flutter.plugins.firebaseauth.FlutterFirebaseAppRegistrar"
54-->[:firebase_auth] AndroidManifest.xml:10:17-122
55                android:value="com.google.firebase.components.ComponentRegistrar" />
55-->[:firebase_auth] AndroidManifest.xml:11:17-82
56            <meta-data
56-->[:cloud_firestore] AndroidManifest.xml:9:13-11:85
57                android:name="com.google.firebase.components:io.flutter.plugins.firebase.cloudfirestore.FlutterFirebaseAppRegistrar"
57-->[:cloud_firestore] AndroidManifest.xml:10:17-133
58                android:value="com.google.firebase.components.ComponentRegistrar" />
58-->[:cloud_firestore] AndroidManifest.xml:11:17-82
59            <meta-data
59-->[:firebase_core] AndroidManifest.xml:9:13-11:85
60                android:name="com.google.firebase.components:io.flutter.plugins.firebase.core.FlutterFirebaseAppRegistrar"
60-->[:firebase_core] AndroidManifest.xml:10:17-123
61                android:value="com.google.firebase.components.ComponentRegistrar" />
61-->[:firebase_core] AndroidManifest.xml:11:17-82
62            <meta-data
62-->[com.google.android.gms:play-services-measurement-api:17.2.2] AndroidManifest.xml:30:13-32:85
63                android:name="com.google.firebase.components:com.google.firebase.analytics.connector.internal.AnalyticsConnectorRegistrar"
63-->[com.google.android.gms:play-services-measurement-api:17.2.2] AndroidManifest.xml:31:17-139
64                android:value="com.google.firebase.components.ComponentRegistrar" />
64-->[com.google.android.gms:play-services-measurement-api:17.2.2] AndroidManifest.xml:32:17-82
65            <meta-data
65-->[com.google.firebase:firebase-firestore:21.3.0] AndroidManifest.xml:20:13-22:85
66                android:name="com.google.firebase.components:com.google.firebase.firestore.FirestoreRegistrar"
66-->[com.google.firebase:firebase-firestore:21.3.0] AndroidManifest.xml:21:17-111
67                android:value="com.google.firebase.components.ComponentRegistrar" />
67-->[com.google.firebase:firebase-firestore:21.3.0] AndroidManifest.xml:22:17-82
68            <meta-data
68-->[com.google.firebase:firebase-auth:19.2.0] AndroidManifest.xml:36:13-38:85
69                android:name="com.google.firebase.components:com.google.firebase.auth.FirebaseAuthRegistrar"
69-->[com.google.firebase:firebase-auth:19.2.0] AndroidManifest.xml:37:17-109
70                android:value="com.google.firebase.components.ComponentRegistrar" />
70-->[com.google.firebase:firebase-auth:19.2.0] AndroidManifest.xml:38:17-82
71            <meta-data
71-->[com.google.firebase:firebase-iid:20.0.2] AndroidManifest.xml:32:13-34:85
72                android:name="com.google.firebase.components:com.google.firebase.iid.Registrar"
72-->[com.google.firebase:firebase-iid:20.0.2] AndroidManifest.xml:33:17-96
73                android:value="com.google.firebase.components.ComponentRegistrar" />
73-->[com.google.firebase:firebase-iid:20.0.2] AndroidManifest.xml:34:17-82
74        </service>
75
76        <receiver
76-->[com.google.android.gms:play-services-measurement:17.2.2] AndroidManifest.xml:29:9-33:20
77            android:name="com.google.android.gms.measurement.AppMeasurementReceiver"
77-->[com.google.android.gms:play-services-measurement:17.2.2] AndroidManifest.xml:30:13-85
78            android:enabled="true"
78-->[com.google.android.gms:play-services-measurement:17.2.2] AndroidManifest.xml:31:13-35
79            android:exported="false" >
79-->[com.google.android.gms:play-services-measurement:17.2.2] AndroidManifest.xml:32:13-37
80        </receiver>
81        <receiver
81-->[com.google.android.gms:play-services-measurement:17.2.2] AndroidManifest.xml:34:9-42:20
82            android:name="com.google.android.gms.measurement.AppMeasurementInstallReferrerReceiver"
82-->[com.google.android.gms:play-services-measurement:17.2.2] AndroidManifest.xml:35:13-100
83            android:enabled="true"
83-->[com.google.android.gms:play-services-measurement:17.2.2] AndroidManifest.xml:36:13-35
84            android:exported="true"
84-->[com.google.android.gms:play-services-measurement:17.2.2] AndroidManifest.xml:37:13-36
85            android:permission="android.permission.INSTALL_PACKAGES" >
85-->[com.google.android.gms:play-services-measurement:17.2.2] AndroidManifest.xml:38:13-69
86            <intent-filter>
86-->[com.google.android.gms:play-services-measurement:17.2.2] AndroidManifest.xml:39:13-41:29
87                <action android:name="com.android.vending.INSTALL_REFERRER" />
87-->[com.google.android.gms:play-services-measurement:17.2.2] AndroidManifest.xml:40:17-79
87-->[com.google.android.gms:play-services-measurement:17.2.2] AndroidManifest.xml:40:25-76
88            </intent-filter>
89        </receiver>
90
91        <service
91-->[com.google.android.gms:play-services-measurement:17.2.2] AndroidManifest.xml:44:9-47:40
92            android:name="com.google.android.gms.measurement.AppMeasurementService"
92-->[com.google.android.gms:play-services-measurement:17.2.2] AndroidManifest.xml:45:13-84
93            android:enabled="true"
93-->[com.google.android.gms:play-services-measurement:17.2.2] AndroidManifest.xml:46:13-35
94            android:exported="false" />
94-->[com.google.android.gms:play-services-measurement:17.2.2] AndroidManifest.xml:47:13-37
95        <service
95-->[com.google.android.gms:play-services-measurement:17.2.2] AndroidManifest.xml:48:9-52:72
96            android:name="com.google.android.gms.measurement.AppMeasurementJobService"
96-->[com.google.android.gms:play-services-measurement:17.2.2] AndroidManifest.xml:49:13-87
97            android:enabled="true"
97-->[com.google.android.gms:play-services-measurement:17.2.2] AndroidManifest.xml:50:13-35
98            android:exported="false"
98-->[com.google.android.gms:play-services-measurement:17.2.2] AndroidManifest.xml:51:13-37
99            android:permission="android.permission.BIND_JOB_SERVICE" />
99-->[com.google.android.gms:play-services-measurement:17.2.2] AndroidManifest.xml:52:13-69
100
101        <activity
101-->[com.google.android.gms:play-services-auth:16.0.1] AndroidManifest.xml:23:9-27:75
102            android:name="com.google.android.gms.auth.api.signin.internal.SignInHubActivity"
102-->[com.google.android.gms:play-services-auth:16.0.1] AndroidManifest.xml:24:13-93
103            android:excludeFromRecents="true"
103-->[com.google.android.gms:play-services-auth:16.0.1] AndroidManifest.xml:25:13-46
104            android:exported="false"
104-->[com.google.android.gms:play-services-auth:16.0.1] AndroidManifest.xml:26:13-37
105            android:theme="@android:style/Theme.Translucent.NoTitleBar" />
105-->[com.google.android.gms:play-services-auth:16.0.1] AndroidManifest.xml:27:13-72
106        <!--
107            Service handling Google Sign-In user revocation. For apps that do not integrate with
108            Google Sign-In, this service will never be started.
109        -->
110        <service
110-->[com.google.android.gms:play-services-auth:16.0.1] AndroidManifest.xml:33:9-36:110
111            android:name="com.google.android.gms.auth.api.signin.RevocationBoundService"
111-->[com.google.android.gms:play-services-auth:16.0.1] AndroidManifest.xml:34:13-89
112            android:exported="true"
112-->[com.google.android.gms:play-services-auth:16.0.1] AndroidManifest.xml:35:13-36
113            android:permission="com.google.android.gms.auth.api.signin.permission.REVOCATION_NOTIFICATION" />
113-->[com.google.android.gms:play-services-auth:16.0.1] AndroidManifest.xml:36:13-107
114
115        <activity
115-->[com.google.firebase:firebase-auth:19.2.0] AndroidManifest.xml:24:9-31:50
116            android:name="com.google.firebase.auth.internal.FederatedSignInActivity"
116-->[com.google.firebase:firebase-auth:19.2.0] AndroidManifest.xml:25:13-85
117            android:excludeFromRecents="true"
117-->[com.google.firebase:firebase-auth:19.2.0] AndroidManifest.xml:26:13-46
118            android:exported="true"
118-->[com.google.firebase:firebase-auth:19.2.0] AndroidManifest.xml:27:13-36
119            android:launchMode="singleTask"
119-->[com.google.firebase:firebase-auth:19.2.0] AndroidManifest.xml:28:13-44
120            android:permission="com.google.firebase.auth.api.gms.permission.LAUNCH_FEDERATED_SIGN_IN"
120-->[com.google.firebase:firebase-auth:19.2.0] AndroidManifest.xml:29:13-102
121            android:theme="@android:style/Theme.Translucent.NoTitleBar" />
121-->[com.google.firebase:firebase-auth:19.2.0] AndroidManifest.xml:30:13-72
122
123        <receiver
123-->[com.google.firebase:firebase-iid:20.0.2] AndroidManifest.xml:37:9-44:20
124            android:name="com.google.firebase.iid.FirebaseInstanceIdReceiver"
124-->[com.google.firebase:firebase-iid:20.0.2] AndroidManifest.xml:38:13-78
125            android:exported="true"
125-->[com.google.firebase:firebase-iid:20.0.2] AndroidManifest.xml:39:13-36
126            android:permission="com.google.android.c2dm.permission.SEND" >
126-->[com.google.firebase:firebase-iid:20.0.2] AndroidManifest.xml:40:13-73
127            <intent-filter>
127-->[com.google.firebase:firebase-iid:20.0.2] AndroidManifest.xml:41:13-43:29
128                <action android:name="com.google.android.c2dm.intent.RECEIVE" />
128-->[com.google.firebase:firebase-iid:20.0.2] AndroidManifest.xml:42:17-81
128-->[com.google.firebase:firebase-iid:20.0.2] AndroidManifest.xml:42:25-78
129            </intent-filter>
130        </receiver>
131
132        <provider
132-->[com.google.firebase:firebase-common:19.3.0] AndroidManifest.xml:26:9-30:39
133            android:name="com.google.firebase.provider.FirebaseInitProvider"
133-->[com.google.firebase:firebase-common:19.3.0] AndroidManifest.xml:27:13-77
134            android:authorities="com.lpstudent.firebaseinitprovider"
134-->[com.google.firebase:firebase-common:19.3.0] AndroidManifest.xml:28:13-72
135            android:exported="false"
135-->[com.google.firebase:firebase-common:19.3.0] AndroidManifest.xml:29:13-37
136            android:initOrder="100" />
136-->[com.google.firebase:firebase-common:19.3.0] AndroidManifest.xml:30:13-36
137
138        <activity
138-->[com.google.android.gms:play-services-base:17.1.0] AndroidManifest.xml:23:9-26:75
139            android:name="com.google.android.gms.common.api.GoogleApiActivity"
139-->[com.google.android.gms:play-services-base:17.1.0] AndroidManifest.xml:24:13-79
140            android:exported="false"
140-->[com.google.android.gms:play-services-base:17.1.0] AndroidManifest.xml:25:13-37
141            android:theme="@android:style/Theme.Translucent.NoTitleBar" />
141-->[com.google.android.gms:play-services-base:17.1.0] AndroidManifest.xml:26:13-72
142
143        <meta-data
143-->[com.google.android.gms:play-services-basement:17.0.0] AndroidManifest.xml:23:9-25:69
144            android:name="com.google.android.gms.version"
144-->[com.google.android.gms:play-services-basement:17.0.0] AndroidManifest.xml:24:13-58
145            android:value="@integer/google_play_services_version" />
145-->[com.google.android.gms:play-services-basement:17.0.0] AndroidManifest.xml:25:13-66
146    </application>
147
148</manifest>